2025-03-19 20:34:58 [restartedMain] INFO  c.w.WorkspaceServiceApplication - Starting WorkspaceServiceApplication using Java 21.0.6 with PID 6916 (C:\Users\Shaon\Documents\workspace-spring\TaskBoard\workspace-service\target\classes started by Shaon in C:\Users\Shaon\Documents\workspace-spring\TaskBoard\workspace-service)
2025-03-19 20:34:58 [restartedMain] INFO  c.w.WorkspaceServiceApplication - No active profile set, falling back to 1 default profile: "default"
2025-03-19 20:35:09 [restartedMain] WARN  org.hibernate.orm.deprecation - HHH90000025: MySQL8Dialect does not need to be specified explicitly using 'hibernate.dialect' (remove the property setting and it will be selected by default)
2025-03-19 20:35:09 [restartedMain] WARN  org.hibernate.orm.deprecation - HHH90000026: MySQL8Dialect has been deprecated; use org.hibernate.dialect.MySQLDialect instead
2025-03-19 20:35:15 [restartedMain] WARN  o.s.b.a.o.j.JpaBaseConfiguration$JpaWebConfiguration - spring.jpa.open-in-view is enabled by default. Therefore, database queries may be performed during view rendering. Explicitly configure spring.jpa.open-in-view to disable this warning
2025-03-19 20:35:15 [restartedMain] WARN  o.s.b.d.a.OptionalLiveReloadServer - Unable to start LiveReload server
2025-03-19 20:35:17 [restartedMain] WARN  o.s.c.l.c.LoadBalancerCacheAutoConfiguration$LoadBalancerCaffeineWarnLogger - Spring Cloud LoadBalancer is currently working with the default cache. While this cache implementation is useful for development and tests, it's recommended to use Caffeine cache in production.You can switch to using Caffeine cache, by adding it and org.springframework.cache.caffeine.CaffeineCacheManager to the classpath.
2025-03-19 20:35:19 [kafka-admin-client-thread | WorkspaceService-admin-0] WARN  o.a.k.clients.admin.KafkaAdminClient - [AdminClient clientId=WorkspaceService-admin-0] The DescribeTopicPartitions API is not supported, using Metadata API to describe topics.
2025-03-19 20:35:21 [restartedMain] INFO  c.w.WorkspaceServiceApplication - Started WorkspaceServiceApplication in 24.652 seconds (process running for 27.51)
2025-03-19 20:36:08 [restartedMain] INFO  c.w.WorkspaceServiceApplication - Starting WorkspaceServiceApplication using Java 21.0.6 with PID 6916 (C:\Users\Shaon\Documents\workspace-spring\TaskBoard\workspace-service\target\classes started by Shaon in C:\Users\Shaon\Documents\workspace-spring\TaskBoard\workspace-service)
2025-03-19 20:36:08 [restartedMain] INFO  c.w.WorkspaceServiceApplication - No active profile set, falling back to 1 default profile: "default"
2025-03-19 20:36:11 [restartedMain] WARN  org.hibernate.orm.deprecation - HHH90000025: MySQL8Dialect does not need to be specified explicitly using 'hibernate.dialect' (remove the property setting and it will be selected by default)
2025-03-19 20:36:11 [restartedMain] WARN  org.hibernate.orm.deprecation - HHH90000026: MySQL8Dialect has been deprecated; use org.hibernate.dialect.MySQLDialect instead
2025-03-19 20:36:12 [restartedMain] WARN  o.s.b.a.o.j.JpaBaseConfiguration$JpaWebConfiguration - spring.jpa.open-in-view is enabled by default. Therefore, database queries may be performed during view rendering. Explicitly configure spring.jpa.open-in-view to disable this warning
2025-03-19 20:36:12 [restartedMain] WARN  o.s.b.d.a.OptionalLiveReloadServer - Unable to start LiveReload server
2025-03-19 20:36:12 [restartedMain] WARN  o.s.c.l.c.LoadBalancerCacheAutoConfiguration$LoadBalancerCaffeineWarnLogger - Spring Cloud LoadBalancer is currently working with the default cache. While this cache implementation is useful for development and tests, it's recommended to use Caffeine cache in production.You can switch to using Caffeine cache, by adding it and org.springframework.cache.caffeine.CaffeineCacheManager to the classpath.
2025-03-19 20:36:12 [kafka-admin-client-thread | WorkspaceService-admin-1] WARN  o.a.k.clients.admin.KafkaAdminClient - [AdminClient clientId=WorkspaceService-admin-1] The DescribeTopicPartitions API is not supported, using Metadata API to describe topics.
2025-03-19 20:36:13 [restartedMain] INFO  c.w.WorkspaceServiceApplication - Started WorkspaceServiceApplication in 5.005 seconds (process running for 79.731)
2025-03-19 20:48:04 [http-nio-8092-exec-3] WARN  o.s.w.s.m.m.a.ExceptionHandlerExceptionResolver - Resolved [org.apache.kafka.common.errors.ResourceNotFoundException: Workspace not found]
2025-03-19 21:00:37 [http-nio-8092-exec-5] WARN  o.s.w.s.m.m.a.ExceptionHandlerExceptionResolver - Resolved [org.apache.kafka.common.errors.ResourceNotFoundException: Workspace not found]
2025-03-19 21:03:42 [restartedMain] INFO  c.w.WorkspaceServiceApplication - Starting WorkspaceServiceApplication using Java 21.0.6 with PID 6916 (C:\Users\Shaon\Documents\workspace-spring\TaskBoard\workspace-service\target\classes started by Shaon in C:\Users\Shaon\Documents\workspace-spring\TaskBoard\workspace-service)
2025-03-19 21:03:42 [restartedMain] INFO  c.w.WorkspaceServiceApplication - No active profile set, falling back to 1 default profile: "default"
2025-03-19 21:03:44 [restartedMain] WARN  org.hibernate.orm.deprecation - HHH90000025: MySQL8Dialect does not need to be specified explicitly using 'hibernate.dialect' (remove the property setting and it will be selected by default)
2025-03-19 21:03:44 [restartedMain] WARN  org.hibernate.orm.deprecation - HHH90000026: MySQL8Dialect has been deprecated; use org.hibernate.dialect.MySQLDialect instead
2025-03-19 21:03:44 [restartedMain] WARN  o.s.b.a.o.j.JpaBaseConfiguration$JpaWebConfiguration - spring.jpa.open-in-view is enabled by default. Therefore, database queries may be performed during view rendering. Explicitly configure spring.jpa.open-in-view to disable this warning
2025-03-19 21:03:45 [restartedMain] WARN  o.s.b.d.a.OptionalLiveReloadServer - Unable to start LiveReload server
2025-03-19 21:03:46 [restartedMain] WARN  o.s.c.l.c.LoadBalancerCacheAutoConfiguration$LoadBalancerCaffeineWarnLogger - Spring Cloud LoadBalancer is currently working with the default cache. While this cache implementation is useful for development and tests, it's recommended to use Caffeine cache in production.You can switch to using Caffeine cache, by adding it and org.springframework.cache.caffeine.CaffeineCacheManager to the classpath.
2025-03-19 21:03:46 [kafka-admin-client-thread | WorkspaceService-admin-2] WARN  o.a.k.clients.admin.KafkaAdminClient - [AdminClient clientId=WorkspaceService-admin-2] The DescribeTopicPartitions API is not supported, using Metadata API to describe topics.
2025-03-19 21:03:46 [restartedMain] INFO  c.w.WorkspaceServiceApplication - Started WorkspaceServiceApplication in 4.93 seconds (process running for 1732.673)
2025-03-19 21:04:02 [http-nio-8092-exec-1] WARN  o.s.w.s.m.m.a.ExceptionHandlerExceptionResolver - Resolved [org.apache.kafka.common.errors.ResourceNotFoundException: Workspace not found]
2025-03-19 21:06:59 [restartedMain] INFO  c.w.WorkspaceServiceApplication - Starting WorkspaceServiceApplication using Java 21.0.6 with PID 6916 (C:\Users\Shaon\Documents\workspace-spring\TaskBoard\workspace-service\target\classes started by Shaon in C:\Users\Shaon\Documents\workspace-spring\TaskBoard\workspace-service)
2025-03-19 21:06:59 [restartedMain] INFO  c.w.WorkspaceServiceApplication - No active profile set, falling back to 1 default profile: "default"
2025-03-19 21:07:04 [restartedMain] WARN  org.hibernate.orm.deprecation - HHH90000025: MySQL8Dialect does not need to be specified explicitly using 'hibernate.dialect' (remove the property setting and it will be selected by default)
2025-03-19 21:07:04 [restartedMain] WARN  org.hibernate.orm.deprecation - HHH90000026: MySQL8Dialect has been deprecated; use org.hibernate.dialect.MySQLDialect instead
2025-03-19 21:07:05 [restartedMain] WARN  o.s.b.a.o.j.JpaBaseConfiguration$JpaWebConfiguration - spring.jpa.open-in-view is enabled by default. Therefore, database queries may be performed during view rendering. Explicitly configure spring.jpa.open-in-view to disable this warning
2025-03-19 21:07:05 [restartedMain] WARN  o.s.b.d.a.OptionalLiveReloadServer - Unable to start LiveReload server
2025-03-19 21:07:05 [restartedMain] WARN  o.s.c.l.c.LoadBalancerCacheAutoConfiguration$LoadBalancerCaffeineWarnLogger - Spring Cloud LoadBalancer is currently working with the default cache. While this cache implementation is useful for development and tests, it's recommended to use Caffeine cache in production.You can switch to using Caffeine cache, by adding it and org.springframework.cache.caffeine.CaffeineCacheManager to the classpath.
2025-03-19 21:07:05 [kafka-admin-client-thread | WorkspaceService-admin-3] WARN  o.a.k.clients.admin.KafkaAdminClient - [AdminClient clientId=WorkspaceService-admin-3] The DescribeTopicPartitions API is not supported, using Metadata API to describe topics.
2025-03-19 21:07:05 [restartedMain] INFO  c.w.WorkspaceServiceApplication - Started WorkspaceServiceApplication in 6.58 seconds (process running for 1932.09)
2025-03-19 21:07:54 [restartedMain] INFO  c.w.WorkspaceServiceApplication - Starting WorkspaceServiceApplication using Java 21.0.6 with PID 6916 (C:\Users\Shaon\Documents\workspace-spring\TaskBoard\workspace-service\target\classes started by Shaon in C:\Users\Shaon\Documents\workspace-spring\TaskBoard\workspace-service)
2025-03-19 21:07:54 [restartedMain] INFO  c.w.WorkspaceServiceApplication - No active profile set, falling back to 1 default profile: "default"
2025-03-19 21:07:55 [restartedMain] WARN  org.hibernate.orm.deprecation - HHH90000025: MySQL8Dialect does not need to be specified explicitly using 'hibernate.dialect' (remove the property setting and it will be selected by default)
2025-03-19 21:07:55 [restartedMain] WARN  org.hibernate.orm.deprecation - HHH90000026: MySQL8Dialect has been deprecated; use org.hibernate.dialect.MySQLDialect instead
2025-03-19 21:07:55 [restartedMain] WARN  o.s.b.a.o.j.JpaBaseConfiguration$JpaWebConfiguration - spring.jpa.open-in-view is enabled by default. Therefore, database queries may be performed during view rendering. Explicitly configure spring.jpa.open-in-view to disable this warning
2025-03-19 21:07:55 [restartedMain] WARN  o.s.b.d.a.OptionalLiveReloadServer - Unable to start LiveReload server
2025-03-19 21:07:56 [restartedMain] WARN  o.s.c.l.c.LoadBalancerCacheAutoConfiguration$LoadBalancerCaffeineWarnLogger - Spring Cloud LoadBalancer is currently working with the default cache. While this cache implementation is useful for development and tests, it's recommended to use Caffeine cache in production.You can switch to using Caffeine cache, by adding it and org.springframework.cache.caffeine.CaffeineCacheManager to the classpath.
2025-03-19 21:07:56 [kafka-admin-client-thread | WorkspaceService-admin-4] WARN  o.a.k.clients.admin.KafkaAdminClient - [AdminClient clientId=WorkspaceService-admin-4] The DescribeTopicPartitions API is not supported, using Metadata API to describe topics.
2025-03-19 21:07:56 [restartedMain] INFO  c.w.WorkspaceServiceApplication - Started WorkspaceServiceApplication in 2.559 seconds (process running for 1982.719)
2025-03-19 21:08:15 [restartedMain] INFO  c.w.WorkspaceServiceApplication - Starting WorkspaceServiceApplication using Java 21.0.6 with PID 6916 (C:\Users\Shaon\Documents\workspace-spring\TaskBoard\workspace-service\target\classes started by Shaon in C:\Users\Shaon\Documents\workspace-spring\TaskBoard\workspace-service)
2025-03-19 21:08:15 [restartedMain] INFO  c.w.WorkspaceServiceApplication - No active profile set, falling back to 1 default profile: "default"
2025-03-19 21:08:16 [restartedMain] WARN  org.hibernate.orm.deprecation - HHH90000025: MySQL8Dialect does not need to be specified explicitly using 'hibernate.dialect' (remove the property setting and it will be selected by default)
2025-03-19 21:08:16 [restartedMain] WARN  org.hibernate.orm.deprecation - HHH90000026: MySQL8Dialect has been deprecated; use org.hibernate.dialect.MySQLDialect instead
2025-03-19 21:08:17 [restartedMain] WARN  o.s.b.a.o.j.JpaBaseConfiguration$JpaWebConfiguration - spring.jpa.open-in-view is enabled by default. Therefore, database queries may be performed during view rendering. Explicitly configure spring.jpa.open-in-view to disable this warning
2025-03-19 21:08:17 [restartedMain] WARN  o.s.b.d.a.OptionalLiveReloadServer - Unable to start LiveReload server
2025-03-19 21:08:18 [restartedMain] WARN  o.s.c.l.c.LoadBalancerCacheAutoConfiguration$LoadBalancerCaffeineWarnLogger - Spring Cloud LoadBalancer is currently working with the default cache. While this cache implementation is useful for development and tests, it's recommended to use Caffeine cache in production.You can switch to using Caffeine cache, by adding it and org.springframework.cache.caffeine.CaffeineCacheManager to the classpath.
2025-03-19 21:08:18 [kafka-admin-client-thread | WorkspaceService-admin-5] WARN  o.a.k.clients.admin.KafkaAdminClient - [AdminClient clientId=WorkspaceService-admin-5] The DescribeTopicPartitions API is not supported, using Metadata API to describe topics.
2025-03-19 21:08:18 [restartedMain] INFO  c.w.WorkspaceServiceApplication - Started WorkspaceServiceApplication in 2.5 seconds (process running for 2004.426)
2025-03-19 21:08:40 [restartedMain] INFO  c.w.WorkspaceServiceApplication - Starting WorkspaceServiceApplication using Java 21.0.6 with PID 6916 (C:\Users\Shaon\Documents\workspace-spring\TaskBoard\workspace-service\target\classes started by Shaon in C:\Users\Shaon\Documents\workspace-spring\TaskBoard\workspace-service)
2025-03-19 21:08:40 [restartedMain] INFO  c.w.WorkspaceServiceApplication - No active profile set, falling back to 1 default profile: "default"
2025-03-19 21:08:42 [restartedMain] WARN  org.hibernate.orm.deprecation - HHH90000025: MySQL8Dialect does not need to be specified explicitly using 'hibernate.dialect' (remove the property setting and it will be selected by default)
2025-03-19 21:08:42 [restartedMain] WARN  org.hibernate.orm.deprecation - HHH90000026: MySQL8Dialect has been deprecated; use org.hibernate.dialect.MySQLDialect instead
2025-03-19 21:08:43 [restartedMain] WARN  o.s.b.a.o.j.JpaBaseConfiguration$JpaWebConfiguration - spring.jpa.open-in-view is enabled by default. Therefore, database queries may be performed during view rendering. Explicitly configure spring.jpa.open-in-view to disable this warning
2025-03-19 21:08:43 [restartedMain] WARN  o.s.b.d.a.OptionalLiveReloadServer - Unable to start LiveReload server
2025-03-19 21:08:43 [restartedMain] WARN  o.s.c.l.c.LoadBalancerCacheAutoConfiguration$LoadBalancerCaffeineWarnLogger - Spring Cloud LoadBalancer is currently working with the default cache. While this cache implementation is useful for development and tests, it's recommended to use Caffeine cache in production.You can switch to using Caffeine cache, by adding it and org.springframework.cache.caffeine.CaffeineCacheManager to the classpath.
2025-03-19 21:08:43 [kafka-admin-client-thread | WorkspaceService-admin-6] WARN  o.a.k.clients.admin.KafkaAdminClient - [AdminClient clientId=WorkspaceService-admin-6] The DescribeTopicPartitions API is not supported, using Metadata API to describe topics.
2025-03-19 21:08:43 [restartedMain] INFO  c.w.WorkspaceServiceApplication - Started WorkspaceServiceApplication in 3.13 seconds (process running for 2030.23)
2025-03-19 21:08:48 [http-nio-8092-exec-1] ERROR o.a.c.c.C.[.[.[.[dispatcherServlet] - Servlet.service() for servlet [dispatcherServlet] in context with path [] threw exception [Request processing failed: org.apache.kafka.common.errors.ResourceNotFoundException: Workspace not found] with root cause
org.apache.kafka.common.errors.ResourceNotFoundException: Workspace not found
2025-03-19 21:09:41 [restartedMain] INFO  c.w.WorkspaceServiceApplication - Starting WorkspaceServiceApplication using Java 21.0.6 with PID 6916 (C:\Users\Shaon\Documents\workspace-spring\TaskBoard\workspace-service\target\classes started by Shaon in C:\Users\Shaon\Documents\workspace-spring\TaskBoard\workspace-service)
2025-03-19 21:09:41 [restartedMain] INFO  c.w.WorkspaceServiceApplication - No active profile set, falling back to 1 default profile: "default"
2025-03-19 21:09:43 [restartedMain] WARN  org.hibernate.orm.deprecation - HHH90000025: MySQL8Dialect does not need to be specified explicitly using 'hibernate.dialect' (remove the property setting and it will be selected by default)
2025-03-19 21:09:43 [restartedMain] WARN  org.hibernate.orm.deprecation - HHH90000026: MySQL8Dialect has been deprecated; use org.hibernate.dialect.MySQLDialect instead
2025-03-19 21:09:43 [restartedMain] WARN  o.s.b.a.o.j.JpaBaseConfiguration$JpaWebConfiguration - spring.jpa.open-in-view is enabled by default. Therefore, database queries may be performed during view rendering. Explicitly configure spring.jpa.open-in-view to disable this warning
2025-03-19 21:09:43 [restartedMain] WARN  o.s.b.d.a.OptionalLiveReloadServer - Unable to start LiveReload server
2025-03-19 21:09:44 [restartedMain] WARN  o.s.c.l.c.LoadBalancerCacheAutoConfiguration$LoadBalancerCaffeineWarnLogger - Spring Cloud LoadBalancer is currently working with the default cache. While this cache implementation is useful for development and tests, it's recommended to use Caffeine cache in production.You can switch to using Caffeine cache, by adding it and org.springframework.cache.caffeine.CaffeineCacheManager to the classpath.
2025-03-19 21:09:44 [kafka-admin-client-thread | WorkspaceService-admin-7] WARN  o.a.k.clients.admin.KafkaAdminClient - [AdminClient clientId=WorkspaceService-admin-7] The DescribeTopicPartitions API is not supported, using Metadata API to describe topics.
2025-03-19 21:09:44 [restartedMain] INFO  c.w.WorkspaceServiceApplication - Started WorkspaceServiceApplication in 2.475 seconds (process running for 2090.432)
2025-03-19 21:09:50 [http-nio-8092-exec-1] WARN  o.s.w.s.m.m.a.ExceptionHandlerExceptionResolver - Resolved [com.workspace_service.exception.ResourceNotFoundException: Workspace not found]
2025-03-19 21:12:32 [http-nio-8092-exec-4] WARN  o.s.w.s.m.m.a.ExceptionHandlerExceptionResolver - Resolved [com.workspace_service.exception.ResourceNotFoundException: Workspace not found]
2025-03-19 21:13:29 [http-nio-8092-exec-5] WARN  o.s.w.s.m.m.a.ExceptionHandlerExceptionResolver - Resolved [com.workspace_service.exception.ResourceNotFoundException: Workspace not found]
2025-03-19 21:21:08 [http-nio-8092-exec-7] WARN  o.s.w.s.m.m.a.ExceptionHandlerExceptionResolver - Resolved [com.workspace_service.exception.ResourceNotFoundException: Workspace not found]
2025-03-19 21:21:40 [http-nio-8092-exec-8] WARN  o.s.w.s.m.m.a.ExceptionHandlerExceptionResolver - Resolved [com.workspace_service.exception.ResourceNotFoundException: Workspace not found]
2025-03-19 21:31:38 [http-nio-8092-exec-2] WARN  o.s.w.s.m.m.a.ExceptionHandlerExceptionResolver - Resolved [com.workspace_service.exception.ResourceNotFoundException: Workspace not found]
